commit 84128649859f1a8d8cfa95442268b16ddf0ceab0
Author: Freitas <1251426@isep.ipp.pt>
Date:   Wed May 20 00:17:30 2026 +0100

    Foi criada a página de Informações Pessoais para que os utilizadores possam ver as suas informações e, futuramente, atualiza-las. Além disso, foi criado uma página de visualização de prescrições, que no futuro irá ser adaptada, com a ajuda do php, aos médicos para que eles possam criar prescrições...

commit cadb89741de9a0c2d40fef5dd608d22ae22a080e
Author: Freitas <1251426@isep.ipp.pt>
Date:   Tue May 19 23:54:53 2026 +0100

    Foi criada a página tarefas onde os enfermeiros podem criar tarefas para os auxiliares. Além disso, foram colocados os devidos estilos

commit bda561d72ab2242798fae0fd8b06d10a04b29fdb
Author: Freitas <1251426@isep.ipp.pt>
Date:   Tue May 19 23:44:44 2026 +0100

    Foi criada a página consultas com os devidos estilos

commit b92053ac076c03447ce3526661ef9e62b485ba4b
Author: Freitas <1251426@isep.ipp.pt>
Date:   Tue May 19 22:54:40 2026 +0100

    Foi criada a página main e de registo com os devidos estilos

commit 304511324b77e9560c9fec43ac00f1a420c5d863
Author: Freitas <1251426@isep.ipp.pt>
Date:   Tue May 19 22:23:41 2026 +0100

    Foi criada a página login com os devidos estilos

commit 1278cee77e8918f1f8f85fb45e2e2c14d05893d8
Author: Freitas-Hub <1251426@isep.ipp.pt>
Date:   Tue May 19 21:19:10 2026 +0100

    Create temp

commit be8dae2474d67716f2174b67239fe7060a048639
Author: Freitas-Hub <1251426@isep.ipp.pt>
Date:   Tue May 19 21:18:54 2026 +0100

    Delete scripts/styles directory

commit e137f9fed694f21acb06c9ef6603acb0f99af0d2
Author: Freitas-Hub <1251426@isep.ipp.pt>
Date:   Tue May 19 21:18:34 2026 +0100

    Create temp

commit 34ac26478fb83d632d2e08cf98e077e40adfb4b6
Author: Freitas-Hub <1251426@isep.ipp.pt>
Date:   Tue May 19 21:18:20 2026 +0100

    Create temp

commit 3774c7a50f38a815c437ace7008308cc9df56545
Author: Freitas-Hub <1251426@isep.ipp.pt>
Date:   Tue May 19 21:17:56 2026 +0100

    Create temp

commit d317c8d35c0e5d33f143e7930f2aa9ab5627f5bc
Author: Freitas-Hub <1251426@isep.ipp.pt>
Date:   Tue May 19 21:17:16 2026 +0100

    Delete styles

commit 15da049fc31e746ac4f405bb64456068943d79d5
Author: Freitas-Hub <1251426@isep.ipp.pt>
Date:   Tue May 19 21:17:06 2026 +0100

    Delete scripts

commit 8dc1c01ee2f863198c2a5835ca779c004a63ad52
Author: Freitas-Hub <1251426@isep.ipp.pt>
Date:   Tue May 19 21:16:55 2026 +0100

    Delete imagens

commit 7594fbee8c396f0615d5396345ecd4faaf2813a6
Author: Freitas-Hub <1251426@isep.ipp.pt>
Date:   Tue May 19 20:47:37 2026 +0100

    Criada pasta "styles"

commit 3d19fa02cc6bd12d4b7429bd1b55eb157edcf184
Author: Freitas-Hub <1251426@isep.ipp.pt>
Date:   Tue May 19 20:47:18 2026 +0100

    Criada pasta "scripts"

commit 8c7719a779c8166d194229889cd249aa993f8dc5
Author: Freitas-Hub <1251426@isep.ipp.pt>
Date:   Tue May 19 20:46:09 2026 +0100

    Criada a pasta "imagens"

commit 57d5da3d996d972a93cff5bd966496c815e4e074
Author: Freitas-Hub <1251426@isep.ipp.pt>
Date:   Tue May 12 15:38:06 2026 +0100

    Initial commit
